# Logfile created on Sat Oct 10 00:08:59 -0400 2009  [4;36;1mSQL (0.3ms)[0m   [0;1m SELECT name
 FROM sqlite_master
 WHERE type = 'table' AND NOT name = 'sqlite_sequence'
[0m
  [4;35;1mSQL (0.3ms)[0m   [0m SELECT name
 FROM sqlite_master
 WHERE type = 'table' AND NOT name = 'sqlite_sequence'
[0m
  [4;36;1mSQL (0.1ms)[0m   [0;1m SELECT name
 FROM sqlite_master
 WHERE type = 'table' AND NOT name = 'sqlite_sequence'
[0m
  [4;35;1mSQL (0.2ms)[0m   [0mselect sqlite_version(*)[0m
  [4;36;1mSQL (87.0ms)[0m   [0;1mCREATE TABLE "schema_migrations" ("version" varchar(255) NOT NULL) [0m
  [4;35;1mSQL (46.3ms)[0m   [0mCREATE UNIQUE INDEX "unique_schema_migrations" ON "schema_migrations" ("version")[0m
  [4;36;1mSQL (0.6ms)[0m   [0;1m SELECT name
 FROM sqlite_master
 WHERE type = 'table' AND NOT name = 'sqlite_sequence'
[0m
  [4;35;1mSQL (0.2ms)[0m   [0mSELECT version FROM schema_migrations[0m
Migrating to CreateRadiantTables (1)
  [4;36;1mSQL (0.2ms)[0m   [0;1m SELECT name
 FROM sqlite_master
 WHERE type = 'table' AND NOT name = 'sqlite_sequence'
[0m
  [4;35;1mSQL (0.4ms)[0m   [0mCREATE TABLE "config" ("id" INTEGER PRIMARY KEY AUTOINCREMENT NOT NULL, "key" varchar(40) DEFAULT '' NOT NULL, "value" varchar(255) DEFAULT '') [0m
  [4;36;1mSQL (75.9ms)[0m   [0;1mCREATE UNIQUE INDEX "key" ON "config" ("key")[0m
  [4;35;1mSQL (0.3ms)[0m   [0m SELECT name
 FROM sqlite_master
 WHERE type = 'table' AND NOT name = 'sqlite_sequence'
[0m
  [4;36;1mSQL (0.3ms)[0m   [0;1mCREATE TABLE "pages" ("id" INTEGER PRIMARY KEY AUTOINCREMENT NOT NULL, "title" varchar(255), "slug" varchar(100), "breadcrumb" varchar(160), "behavior" varchar(25), "status_id" integer DEFAULT 1 NOT NULL, "parent_id" integer, "layout_id" integer, "created_at" datetime, "updated_at" datetime, "published_at" datetime, "created_by" integer, "updated_by" integer) [0m
  [4;35;1mSQL (0.2ms)[0m   [0m SELECT name
 FROM sqlite_master
 WHERE type = 'table' AND NOT name = 'sqlite_sequence'
[0m
  [4;36;1mSQL (0.2ms)[0m   [0;1mCREATE TABLE "page_parts" ("id" INTEGER PRIMARY KEY AUTOINCREMENT NOT NULL, "name" varchar(100), "filter" varchar(25), "content" text, "page_id" integer) [0m
  [4;35;1mSQL (0.2ms)[0m   [0m SELECT name
 FROM sqlite_master
 WHERE type = 'table' AND NOT name = 'sqlite_sequence'
[0m
  [4;36;1mSQL (0.2ms)[0m   [0;1mCREATE TABLE "snippets" ("id" INTEGER PRIMARY KEY AUTOINCREMENT NOT NULL, "name" varchar(100) DEFAULT '' NOT NULL, "filter" varchar(25), "content" text, "created_at" datetime, "updated_at" datetime, "created_by" integer, "updated_by" integer) [0m
  [4;35;1mSQL (7.4ms)[0m   [0mCREATE UNIQUE INDEX "name" ON "snippets" ("name")[0m
  [4;36;1mSQL (0.3ms)[0m   [0;1m SELECT name
 FROM sqlite_master
 WHERE type = 'table' AND NOT name = 'sqlite_sequence'
[0m
  [4;35;1mSQL (0.2ms)[0m   [0mCREATE TABLE "layouts" ("id" INTEGER PRIMARY KEY AUTOINCREMENT NOT NULL, "name" varchar(100), "content" text, "created_at" datetime, "updated_at" datetime, "created_by" integer, "updated_by" integer) [0m
  [4;36;1mSQL (0.3ms)[0m   [0;1m SELECT name
 FROM sqlite_master
 WHERE type = 'table' AND NOT name = 'sqlite_sequence'
[0m
  [4;35;1mSQL (0.6ms)[0m   [0mCREATE TABLE "users" ("id" INTEGER PRIMARY KEY AUTOINCREMENT NOT NULL, "name" varchar(100), "email" varchar(255), "login" varchar(40) DEFAULT '' NOT NULL, "password" varchar(40), "admin" integer(1) DEFAULT 0 NOT NULL, "developer" integer(1) DEFAULT 0 NOT NULL, "created_at" datetime, "updated_at" datetime, "created_by" integer, "updated_by" integer) [0m
  [4;36;1mSQL (5.1ms)[0m   [0;1mCREATE UNIQUE INDEX "login" ON "users" ("login")[0m
  [4;35;1mSQL (0.2ms)[0m   [0mINSERT INTO schema_migrations (version) VALUES ('1')[0m
Migrating to InsertInitialData (2)
  [4;36;1mSQL (0.5ms)[0m   [0;1mINSERT INTO schema_migrations (version) VALUES ('2')[0m
Migrating to RenameBehaviorColumn (3)
  [4;35;1mSQL (0.8ms)[0m   [0mCREATE TEMPORARY TABLE "altered_pages" ("id" INTEGER PRIMARY KEY AUTOINCREMENT NOT NULL, "title" varchar(255), "slug" varchar(100), "breadcrumb" varchar(160), "behavior_id" varchar(25), "status_id" integer DEFAULT 1 NOT NULL, "parent_id" integer, "layout_id" integer, "created_at" datetime, "updated_at" datetime, "published_at" datetime, "created_by" integer, "updated_by" integer) [0m
  [4;36;1mSQL (0.1ms)[0m   [0;1mPRAGMA index_list("pages")[0m
  [4;35;1mSQL (0.7ms)[0m   [0mDROP TABLE "pages"[0m
  [4;36;1mSQL (0.4ms)[0m   [0;1mCREATE TABLE "pages" ("id" INTEGER PRIMARY KEY AUTOINCREMENT NOT NULL, "title" varchar(255), "slug" varchar(100), "breadcrumb" varchar(160), "behavior_id" varchar(25), "status_id" integer DEFAULT 1 NOT NULL, "parent_id" integer, "layout_id" integer, "created_at" datetime, "updated_at" datetime, "published_at" datetime, "created_by" integer, "updated_by" integer) [0m
  [4;35;1mSQL (0.1ms)[0m   [0mPRAGMA index_list("altered_pages")[0m
  [4;36;1mSQL (1.3ms)[0m   [0;1mDROP TABLE "altered_pages"[0m
  [4;35;1mSQL (0.2ms)[0m   [0mINSERT INTO schema_migrations (version) VALUES ('3')[0m
Migrating to RenameFilterColumn (4)
  [4;36;1mSQL (0.3ms)[0m   [0;1mCREATE TEMPORARY TABLE "altered_page_parts" ("id" INTEGER PRIMARY KEY AUTOINCREMENT NOT NULL, "name" varchar(100), "filter_id" varchar(25), "content" text, "page_id" integer) [0m
  [4;35;1mSQL (0.1ms)[0m   [0mPRAGMA index_list("page_parts")[0m
  [4;36;1mSQL (20.3ms)[0m   [0;1mDROP TABLE "page_parts"[0m
  [4;35;1mSQL (0.2ms)[0m   [0mCREATE TABLE "page_parts" ("id" INTEGER PRIMARY KEY AUTOINCREMENT NOT NULL, "name" varchar(100), "filter_id" varchar(25), "content" text, "page_id" integer) [0m
  [4;36;1mSQL (0.0ms)[0m   [0;1mPRAGMA index_list("altered_page_parts")[0m
  [4;35;1mSQL (0.2ms)[0m   [0mDROP TABLE "altered_page_parts"[0m
  [4;36;1mSQL (0.2ms)[0m   [0;1mCREATE TEMPORARY TABLE "altered_snippets" ("id" INTEGER PRIMARY KEY AUTOINCREMENT NOT NULL, "name" varchar(100) DEFAULT '' NOT NULL, "filter_id" varchar(25), "content" text, "created_at" datetime, "updated_at" datetime, "created_by" integer, "updated_by" integer) [0m
  [4;35;1mSQL (0.1ms)[0m   [0mPRAGMA index_list("snippets")[0m
  [4;36;1mSQL (0.1ms)[0m   [0;1mPRAGMA index_info('name')[0m
  [4;35;1mSQL (0.3ms)[0m   [0mCREATE UNIQUE INDEX "temp_name" ON "altered_snippets" ("name")[0m
  [4;36;1mSQL (0.3ms)[0m   [0;1mDROP TABLE "snippets"[0m
  [4;35;1mSQL (0.2ms)[0m   [0mCREATE TABLE "snippets" ("id" INTEGER PRIMARY KEY AUTOINCREMENT NOT NULL, "name" varchar(100) DEFAULT '' NOT NULL, "filter_id" varchar(25), "content" text, "created_at" datetime, "updated_at" datetime, "created_by" integer, "updated_by" integer) [0m
  [4;36;1mSQL (0.1ms)[0m   [0;1mPRAGMA index_list("altered_snippets")[0m
  [4;35;1mSQL (0.1ms)[0m   [0mPRAGMA index_info('temp_name')[0m
  [4;36;1mSQL (0.2ms)[0m   [0;1mCREATE UNIQUE INDEX "name" ON "snippets" ("name")[0m
  [4;35;1mSQL (0.2ms)[0m   [0mDROP TABLE "altered_snippets"[0m
  [4;36;1mSQL (1.6ms)[0m   [0;1mINSERT INTO schema_migrations (version) VALUES ('4')[0m
Migrating to AddVirtualColumnToPage (5)
  [4;35;1mSQL (12.3ms)[0m   [0mALTER TABLE "pages" ADD "virtual" boolean DEFAULT 'f' NOT NULL[0m
  [4;36;1mSQL (0.2ms)[0m   [0;1mINSERT INTO schema_migrations (version) VALUES ('5')[0m
Migrating to IntegerColumnsToBoolean (6)
  [4;35;1mUser Load (0.2ms)[0m   [0mSELECT * FROM "users" ORDER BY name[0m
  [4;36;1mSQL (0.4ms)[0m   [0;1mCREATE TEMPORARY TABLE "altered_users" ("id" INTEGER PRIMARY KEY AUTOINCREMENT NOT NULL, "name" varchar(100), "email" varchar(255), "login" varchar(40) DEFAULT '' NOT NULL, "password" varchar(40), "admin" integer(1) DEFAULT 0 NOT NULL, "developer" integer(1) DEFAULT 0 NOT NULL, "created_at" datetime, "updated_at" datetime, "created_by" integer, "updated_by" integer) [0m
  [4;35;1mSQL (0.1ms)[0m   [0mPRAGMA index_list("users")[0m
  [4;36;1mSQL (0.1ms)[0m   [0;1mPRAGMA index_info('login')[0m
  [4;35;1mSQL (0.3ms)[0m   [0mCREATE UNIQUE INDEX "temp_login" ON "altered_users" ("login")[0m
  [4;36;1mSQL (0.6ms)[0m   [0;1mDROP TABLE "users"[0m
  [4;35;1mSQL (0.3ms)[0m   [0mCREATE TABLE "users" ("id" INTEGER PRIMARY KEY AUTOINCREMENT NOT NULL, "name" varchar(100), "email" varchar(255), "login" varchar(40) DEFAULT '' NOT NULL, "password" varchar(40), "developer" integer(1) DEFAULT 0 NOT NULL, "created_at" datetime, "updated_at" datetime, "created_by" integer, "updated_by" integer) [0m
  [4;36;1mSQL (0.1ms)[0m   [0;1mPRAGMA index_list("altered_users")[0m
  [4;35;1mSQL (0.1ms)[0m   [0mPRAGMA index_info('temp_login')[0m
  [4;36;1mSQL (0.3ms)[0m   [0;1mCREATE UNIQUE INDEX "login" ON "users" ("login")[0m
  [4;35;1mSQL (0.4ms)[0m   [0mDROP TABLE "altered_users"[0m
  [4;36;1mSQL (0.3ms)[0m   [0;1mALTER TABLE "users" ADD "admin" boolean DEFAULT 'f' NOT NULL[0m
  [4;35;1mUser Load (0.2ms)[0m   [0mSELECT * FROM "users" ORDER BY name[0m
  [4;36;1mSQL (0.3ms)[0m   [0;1mCREATE TEMPORARY TABLE "altered_users" ("id" INTEGER PRIMARY KEY AUTOINCREMENT NOT NULL, "name" varchar(100), "email" varchar(255), "login" varchar(40) DEFAULT '' NOT NULL, "password" varchar(40), "developer" integer(1) DEFAULT 0 NOT NULL, "created_at" datetime, "updated_at" datetime, "created_by" integer, "updated_by" integer, "admin" boolean DEFAULT 'f' NOT NULL) [0m
  [4;35;1mSQL (0.1ms)[0m   [0mPRAGMA index_list("users")[0m
  [4;36;1mSQL (0.1ms)[0m   [0;1mPRAGMA index_info('login')[0m
  [4;35;1mSQL (0.3ms)[0m   [0mCREATE UNIQUE INDEX "temp_login" ON "altered_users" ("login")[0m
  [4;36;1mSQL (0.3ms)[0m   [0;1mDROP TABLE "users"[0m
  [4;35;1mSQL (0.3ms)[0m   [0mCREATE TABLE "users" ("id" INTEGER PRIMARY KEY AUTOINCREMENT NOT NULL, "name" varchar(100), "email" varchar(255), "login" varchar(40) DEFAULT '' NOT NULL, "password" varchar(40), "created_at" datetime, "updated_at" datetime, "created_by" integer, "updated_by" integer, "admin" boolean DEFAULT 'f' NOT NULL) [0m
  [4;36;1mSQL (0.1ms)[0m   [0;1mPRAGMA index_list("altered_users")[0m
  [4;35;1mSQL (0.1ms)[0m   [0mPRAGMA index_info('temp_login')[0m
  [4;36;1mSQL (0.4ms)[0m   [0;1mCREATE UNIQUE INDEX "login" ON "users" ("login")[0m
  [4;35;1mSQL (0.6ms)[0m   [0mDROP TABLE "altered_users"[0m
  [4;36;1mSQL (3.6ms)[0m   [0;1mALTER TABLE "users" ADD "developer" boolean DEFAULT 'f' NOT NULL[0m
  [4;35;1mSQL (0.3ms)[0m   [0mINSERT INTO schema_migrations (version) VALUES ('6')[0m
Migrating to RemoveVirtualColumnFromPage (7)
  [4;36;1mSQL (2.7ms)[0m   [0;1mCREATE TEMPORARY TABLE "altered_pages" ("id" INTEGER PRIMARY KEY AUTOINCREMENT NOT NULL, "title" varchar(255), "slug" varchar(100), "breadcrumb" varchar(160), "behavior_id" varchar(25), "status_id" integer DEFAULT 1 NOT NULL, "parent_id" integer, "layout_id" integer, "created_at" datetime, "updated_at" datetime, "published_at" datetime, "created_by" integer, "updated_by" integer, "virtual" boolean DEFAULT 'f' NOT NULL) [0m
  [4;35;1mSQL (0.1ms)[0m   [0mPRAGMA index_list("pages")[0m
  [4;36;1mSQL (0.6ms)[0m   [0;1mDROP TABLE "pages"[0m
  [4;35;1mSQL (0.3ms)[0m   [0mCREATE TABLE "pages" ("id" INTEGER PRIMARY KEY AUTOINCREMENT NOT NULL, "title" varchar(255), "slug" varchar(100), "breadcrumb" varchar(160), "behavior_id" varchar(25), "status_id" integer DEFAULT 1 NOT NULL, "parent_id" integer, "layout_id" integer, "created_at" datetime, "updated_at" datetime, "published_at" datetime, "created_by" integer, "updated_by" integer) [0m
  [4;36;1mSQL (0.1ms)[0m   [0;1mPRAGMA index_list("altered_pages")[0m
  [4;35;1mSQL (0.4ms)[0m   [0mDROP TABLE "altered_pages"[0m
  [4;36;1mSQL (0.2ms)[0m   [0;1mINSERT INTO schema_migrations (version) VALUES ('7')[0m
Migrating to AddVirtualColumnToPageAgain (8)
  [4;35;1mSQL (2.7ms)[0m   [0mALTER TABLE "pages" ADD "virtual" boolean DEFAULT 'f' NOT NULL[0m
  [4;36;1mSQL (0.2ms)[0m   [0;1mINSERT INTO schema_migrations (version) VALUES ('8')[0m
Migrating to AddContentTypeFieldToLayout (9)
  [4;35;1mSQL (0.6ms)[0m   [0mALTER TABLE "layouts" ADD "content_type" varchar(40)[0m
  [4;36;1mSQL (0.1ms)[0m   [0;1mINSERT INTO schema_migrations (version) VALUES ('9')[0m
Migrating to MergeBehaviorsAndPages (10)
  [4;35;1mMergeBehaviorsAndPages::OldPage Load (0.2ms)[0m   [0mSELECT * FROM "pages" [0m
  [4;36;1mSQL (0.4ms)[0m   [0;1mCREATE TEMPORARY TABLE "altered_pages" ("id" INTEGER PRIMARY KEY AUTOINCREMENT NOT NULL, "title" varchar(255), "slug" varchar(100), "breadcrumb" varchar(160), "type" varchar(25), "status_id" integer DEFAULT 1 NOT NULL, "parent_id" integer, "layout_id" integer, "created_at" datetime, "updated_at" datetime, "published_at" datetime, "created_by" integer, "updated_by" integer, "virtual" boolean DEFAULT 'f' NOT NULL) [0m
  [4;35;1mSQL (0.1ms)[0m   [0mPRAGMA index_list("pages")[0m
  [4;36;1mSQL (1.1ms)[0m   [0;1mDROP TABLE "pages"[0m
  [4;35;1mSQL (0.3ms)[0m   [0mCREATE TABLE "pages" ("id" INTEGER PRIMARY KEY AUTOINCREMENT NOT NULL, "title" varchar(255), "slug" varchar(100), "breadcrumb" varchar(160), "type" varchar(25), "status_id" integer DEFAULT 1 NOT NULL, "parent_id" integer, "layout_id" integer, "created_at" datetime, "updated_at" datetime, "published_at" datetime, "created_by" integer, "updated_by" integer, "virtual" boolean DEFAULT 'f' NOT NULL) [0m
  [4;36;1mSQL (0.1ms)[0m   [0;1mPRAGMA index_list("altered_pages")[0m
  [4;35;1mSQL (0.3ms)[0m   [0mDROP TABLE "altered_pages"[0m
  [4;36;1mSQL (0.1ms)[0m   [0;1mINSERT INTO schema_migrations (version) VALUES ('10')[0m
Migrating to RenameTypeColumnOnPageToClassName (11)
  [4;35;1mSQL (0.4ms)[0m   [0mCREATE TEMPORARY TABLE "altered_pages" ("id" INTEGER PRIMARY KEY AUTOINCREMENT NOT NULL, "title" varchar(255), "slug" varchar(100), "breadcrumb" varchar(160), "class_name" varchar(25), "status_id" integer DEFAULT 1 NOT NULL, "parent_id" integer, "layout_id" integer, "created_at" datetime, "updated_at" datetime, "published_at" datetime, "created_by" integer, "updated_by" integer, "virtual" boolean DEFAULT 'f' NOT NULL) [0m
  [4;36;1mSQL (0.1ms)[0m   [0;1mPRAGMA index_list("pages")[0m
  [4;35;1mSQL (0.6ms)[0m   [0mDROP TABLE "pages"[0m
  [4;36;1mSQL (1.8ms)[0m   [0;1mCREATE TABLE "pages" ("id" INTEGER PRIMARY KEY AUTOINCREMENT NOT NULL, "title" varchar(255), "slug" varchar(100), "breadcrumb" varchar(160), "class_name" varchar(25), "status_id" integer DEFAULT 1 NOT NULL, "parent_id" integer, "layout_id" integer, "created_at" datetime, "updated_at" datetime, "published_at" datetime, "created_by" integer, "updated_by" integer, "virtual" boolean DEFAULT 'f' NOT NULL) [0m
  [4;35;1mSQL (0.1ms)[0m   [0mPRAGMA index_list("altered_pages")[0m
  [4;36;1mSQL (0.3ms)[0m   [0;1mDROP TABLE "altered_pages"[0m
  [4;35;1mSQL (0.2ms)[0m   [0mINSERT INTO schema_migrations (version) VALUES ('11')[0m
Migrating to CreateExtensionMeta (12)
  [4;36;1mSQL (0.5ms)[0m   [0;1m SELECT name
 FROM sqlite_master
 WHERE type = 'table' AND NOT name = 'sqlite_sequence'
[0m
  [4;35;1mSQL (19.2ms)[0m   [0mCREATE TABLE "extension_meta" ("id" INTEGER PRIMARY KEY AUTOINCREMENT NOT NULL, "name" varchar(255), "schema_version" integer DEFAULT 0, "enabled" boolean DEFAULT 't') [0m
  [4;36;1mSQL (0.2ms)[0m   [0;1mINSERT INTO schema_migrations (version) VALUES ('12')[0m
Migrating to AddNotesFieldToUser (13)
  [4;35;1mSQL (0.6ms)[0m   [0mALTER TABLE "users" ADD "notes" text[0m
  [4;36;1mSQL (0.2ms)[0m   [0;1mINSERT INTO schema_migrations (version) VALUES ('13')[0m
Migrating to RenameConfigDefaultPartsKey (14)
  [4;35;1mRadiant::Config Load (0.2ms)[0m   [0mSELECT * FROM "config" WHERE ("config"."key" = 'default.parts') LIMIT 1[0m
  [4;36;1mSQL (1.1ms)[0m   [0;1mINSERT INTO schema_migrations (version) VALUES ('14')[0m
Migrating to AddOptimisticLocking (15)
  [4;35;1mSQL (0.6ms)[0m   [0mALTER TABLE "pages" ADD "lock_version" integer DEFAULT 0[0m
  [4;36;1mSQL (0.3ms)[0m   [0;1mALTER TABLE "layouts" ADD "lock_version" integer DEFAULT 0[0m
  [4;35;1mSQL (0.3ms)[0m   [0mALTER TABLE "snippets" ADD "lock_version" integer DEFAULT 0[0m
  [4;36;1mSQL (0.2ms)[0m   [0;1mALTER TABLE "users" ADD "lock_version" integer DEFAULT 0[0m
  [4;35;1mSQL (0.2ms)[0m   [0mINSERT INTO schema_migrations (version) VALUES ('15')[0m
Migrating to AddSessions (16)
  [4;36;1mSQL (0.5ms)[0m   [0;1mCREATE TABLE "sessions" ("id" INTEGER PRIMARY KEY AUTOINCREMENT NOT NULL, "session_id" varchar(255), "data" text, "updated_at" datetime) [0m
  [4;35;1mSQL (0.8ms)[0m   [0mCREATE INDEX "index_sessions_on_session_id" ON "sessions" ("session_id")[0m
  [4;36;1mSQL (0.1ms)[0m   [0;1mCREATE INDEX "index_sessions_on_updated_at" ON "sessions" ("updated_at")[0m
  [4;35;1mSQL (0.1ms)[0m   [0mINSERT INTO schema_migrations (version) VALUES ('16')[0m
Migrating to RenameCreatedByUpdatedByColumns (17)
  [4;36;1mSQL (0.4ms)[0m   [0;1mCREATE TEMPORARY TABLE "altered_pages" ("id" INTEGER PRIMARY KEY AUTOINCREMENT NOT NULL, "title" varchar(255), "slug" varchar(100), "breadcrumb" varchar(160), "class_name" varchar(25), "status_id" integer DEFAULT 1 NOT NULL, "parent_id" integer, "layout_id" integer, "created_at" datetime, "updated_at" datetime, "published_at" datetime, "created_by_id" integer, "updated_by" integer, "virtual" boolean DEFAULT 'f' NOT NULL, "lock_version" integer DEFAULT 0) [0m
  [4;35;1mSQL (0.0ms)[0m   [0mPRAGMA index_list("pages")[0m
  [4;36;1mSQL (0.6ms)[0m   [0;1mDROP TABLE "pages"[0m
  [4;35;1mSQL (0.3ms)[0m   [0mCREATE TABLE "pages" ("id" INTEGER PRIMARY KEY AUTOINCREMENT NOT NULL, "title" varchar(255), "slug" varchar(100), "breadcrumb" varchar(160), "class_name" varchar(25), "status_id" integer DEFAULT 1 NOT NULL, "parent_id" integer, "layout_id" integer, "created_at" datetime, "updated_at" datetime, "published_at" datetime, "created_by_id" integer, "updated_by" integer, "virtual" boolean DEFAULT 'f' NOT NULL, "lock_version" integer DEFAULT 0) [0m
  [4;36;1mSQL (0.0ms)[0m   [0;1mPRAGMA index_list("altered_pages")[0m
  [4;35;1mSQL (0.3ms)[0m   [0mDROP TABLE "altered_pages"[0m
  [4;36;1mSQL (0.3ms)[0m   [0;1mCREATE TEMPORARY TABLE "altered_pages" ("id" INTEGER PRIMARY KEY AUTOINCREMENT NOT NULL, "title" varchar(255), "slug" varchar(100), "breadcrumb" varchar(160), "class_name" varchar(25), "status_id" integer DEFAULT 1 NOT NULL, "parent_id" integer, "layout_id" integer, "created_at" datetime, "updated_at" datetime, "published_at" datetime, "created_by_id" integer, "updated_by_id" integer, "virtual" boolean DEFAULT 'f' NOT NULL, "lock_version" integer DEFAULT 0) [0m
  [4;35;1mSQL (0.0ms)[0m   [0mPRAGMA index_list("pages")[0m
  [4;36;1mSQL (0.3ms)[0m   [0;1mDROP TABLE "pages"[0m
  [4;35;1mSQL (0.3ms)[0m   [0mCREATE TABLE "pages" ("id" INTEGER PRIMARY KEY AUTOINCREMENT NOT NULL, "title" varchar(255), "slug" varchar(100), "breadcrumb" varchar(160), "class_name" varchar(25), "status_id" integer DEFAULT 1 NOT NULL, "parent_id" integer, "layout_id" integer, "created_at" datetime, "updated_at" datetime, "published_at" datetime, "created_by_id" integer, "updated_by_id" integer, "virtual" boolean DEFAULT 'f' NOT NULL, "lock_version" integer DEFAULT 0) [0m
  [4;36;1mSQL (0.0ms)[0m   [0;1mPRAGMA index_list("altered_pages")[0m
  [4;35;1mSQL (0.3ms)[0m   [0mDROP TABLE "altered_pages"[0m
  [4;36;1mSQL (0.4ms)[0m   [0;1mCREATE TEMPORARY TABLE "altered_snippets" ("id" INTEGER PRIMARY KEY AUTOINCREMENT NOT NULL, "name" varchar(100) DEFAULT '' NOT NULL, "filter_id" varchar(25), "content" text, "created_at" datetime, "updated_at" datetime, "created_by_id" integer, "updated_by" integer, "lock_version" integer DEFAULT 0) [0m
  [4;35;1mSQL (0.2ms)[0m   [0mPRAGMA index_list("snippets")[0m
  [4;36;1mSQL (0.1ms)[0m   [0;1mPRAGMA index_info('name')[0m
  [4;35;1mSQL (0.3ms)[0m   [0mCREATE UNIQUE INDEX "temp_name" ON "altered_snippets" ("name")[0m
  [4;36;1mSQL (0.3ms)[0m   [0;1mDROP TABLE "snippets"[0m
  [4;35;1mSQL (1.6ms)[0m   [0mCREATE TABLE "snippets" ("id" INTEGER PRIMARY KEY AUTOINCREMENT NOT NULL, "name" varchar(100) DEFAULT '' NOT NULL, "filter_id" varchar(25), "content" text, "created_at" datetime, "updated_at" datetime, "created_by_id" integer, "updated_by" integer, "lock_version" integer DEFAULT 0) [0m
  [4;36;1mSQL (0.4ms)[0m   [0;1mPRAGMA index_list("altered_snippets")[0m
  [4;35;1mSQL (0.1ms)[0m   [0mPRAGMA index_info('temp_name')[0m
  [4;36;1mSQL (0.4ms)[0m   [0;1mCREATE UNIQUE INDEX "name" ON "snippets" ("name")[0m
  [4;35;1mSQL (0.6ms)[0m   [0mDROP TABLE "altered_snippets"[0m
  [4;36;1mSQL (0.3ms)[0m   [0;1mCREATE TEMPORARY TABLE "altered_snippets" ("id" INTEGER PRIMARY KEY AUTOINCREMENT NOT NULL, "name" varchar(100) DEFAULT '' NOT NULL, "filter_id" varchar(25), "content" text, "created_at" datetime, "updated_at" datetime, "created_by_id" integer, "updated_by_id" integer, "lock_version" integer DEFAULT 0) [0m
  [4;35;1mSQL (0.2ms)[0m   [0mPRAGMA index_list("snippets")[0m
  [4;36;1mSQL (0.1ms)[0m   [0;1mPRAGMA index_info('name')[0m
  [4;35;1mSQL (1.4ms)[0m   [0mCREATE UNIQUE INDEX "temp_name" ON "altered_snippets" ("name")[0m
  [4;36;1mSQL (0.3ms)[0m   [0;1mDROP TABLE "snippets"[0m
  [4;35;1mSQL (0.3ms)[0m   [0mCREATE TABLE "snippets" ("id" INTEGER PRIMARY KEY AUTOINCREMENT NOT NULL, "name" varchar(100) DEFAULT '' NOT NULL, "filter_id" varchar(25), "content" text, "created_at" datetime, "updated_at" datetime, "created_by_id" integer, "updated_by_id" integer, "lock_version" integer DEFAULT 0) [0m
  [4;36;1mSQL (0.1ms)[0m   [0;1mPRAGMA index_list("altered_snippets")[0m
  [4;35;1mSQL (0.1ms)[0m   [0mPRAGMA index_info('temp_name')[0m
  [4;36;1mSQL (0.3ms)[0m   [0;1mCREATE UNIQUE INDEX "name" ON "snippets" ("name")[0m
  [4;35;1mSQL (0.3ms)[0m   [0mDROP TABLE "altered_snippets"[0m
  [4;36;1mSQL (0.4ms)[0m   [0;1mCREATE TEMPORARY TABLE "altered_layouts" ("id" INTEGER PRIMARY KEY AUTOINCREMENT NOT NULL, "name" varchar(100), "content" text, "created_at" datetime, "updated_at" datetime, "created_by_id" integer, "updated_by" integer, "content_type" varchar(40), "lock_version" integer DEFAULT 0) [0m
  [4;35;1mSQL (0.0ms)[0m   [0mPRAGMA index_list("layouts")[0m
  [4;36;1mSQL (2.3ms)[0m   [0;1mDROP TABLE "layouts"[0m
  [4;35;1mSQL (0.5ms)[0m   [0mCREATE TABLE "layouts" ("id" INTEGER PRIMARY KEY AUTOINCREMENT NOT NULL, "name" varchar(100), "content" text, "created_at" datetime, "updated_at" datetime, "created_by_id" integer, "updated_by" integer, "content_type" varchar(40), "lock_version" integer DEFAULT 0) [0m
  [4;36;1mSQL (0.1ms)[0m   [0;1mPRAGMA index_list("altered_layouts")[0m
  [4;35;1mSQL (0.3ms)[0m   [0mDROP TABLE "altered_layouts"[0m
  [4;36;1mSQL (6.2ms)[0m   [0;1mCREATE TEMPORARY TABLE "altered_layouts" ("id" INTEGER PRIMARY KEY AUTOINCREMENT NOT NULL, "name" varchar(100), "content" text, "created_at" datetime, "updated_at" datetime, "created_by_id" integer, "updated_by_id" integer, "content_type" varchar(40), "lock_version" integer DEFAULT 0) [0m
  [4;35;1mSQL (0.4ms)[0m   [0mPRAGMA index_list("layouts")[0m
  [4;36;1mSQL (0.3ms)[0m   [0;1mDROP TABLE "layouts"[0m
  [4;35;1mSQL (0.4ms)[0m   [0mCREATE TABLE "layouts" ("id" INTEGER PRIMARY KEY AUTOINCREMENT NOT NULL, "name" varchar(100), "content" text, "created_at" datetime, "updated_at" datetime, "created_by_id" integer, "updated_by_id" integer, "content_type" varchar(40), "lock_version" integer DEFAULT 0) [0m
  [4;36;1mSQL (0.0ms)[0m   [0;1mPRAGMA index_list("altered_layouts")[0m
  [4;35;1mSQL (0.3ms)[0m   [0mDROP TABLE "altered_layouts"[0m
  [4;36;1mSQL (0.3ms)[0m   [0;1mCREATE TEMPORARY TABLE "altered_users" ("id" INTEGER PRIMARY KEY AUTOINCREMENT NOT NULL, "name" varchar(100), "email" varchar(255), "login" varchar(40) DEFAULT '' NOT NULL, "password" varchar(40), "created_at" datetime, "updated_at" datetime, "created_by_id" integer, "updated_by" integer, "admin" boolean DEFAULT 'f' NOT NULL, "developer" boolean DEFAULT 'f' NOT NULL, "notes" text, "lock_version" integer DEFAULT 0) [0m
  [4;35;1mSQL (0.2ms)[0m   [0mPRAGMA index_list("users")[0m
  [4;36;1mSQL (0.2ms)[0m   [0;1mPRAGMA index_info('login')[0m
  [4;35;1mSQL (1.1ms)[0m   [0mCREATE UNIQUE INDEX "temp_login" ON "altered_users" ("login")[0m
  [4;36;1mSQL (0.3ms)[0m   [0;1mDROP TABLE "users"[0m
  [4;35;1mSQL (0.3ms)[0m   [0mCREATE TABLE "users" ("id" INTEGER PRIMARY KEY AUTOINCREMENT NOT NULL, "name" varchar(100), "email" varchar(255), "login" varchar(40) DEFAULT '' NOT NULL, "password" varchar(40), "created_at" datetime, "updated_at" datetime, "created_by_id" integer, "updated_by" integer, "admin" boolean DEFAULT 'f' NOT NULL, "developer" boolean DEFAULT 'f' NOT NULL, "notes" text, "lock_version" integer DEFAULT 0) [0m
  [4;36;1mSQL (0.2ms)[0m   [0;1mPRAGMA index_list("altered_users")[0m
  [4;35;1mSQL (0.2ms)[0m   [0mPRAGMA index_info('temp_login')[0m
  [4;36;1mSQL (7.2ms)[0m   [0;1mCREATE UNIQUE INDEX "login" ON "users" ("login")[0m
  [4;35;1mSQL (0.9ms)[0m   [0mDROP TABLE "altered_users"[0m
  [4;36;1mSQL (0.4ms)[0m   [0;1mCREATE TEMPORARY TABLE "altered_users" ("id" INTEGER PRIMARY KEY AUTOINCREMENT NOT NULL, "name" varchar(100), "email" varchar(255), "login" varchar(40) DEFAULT '' NOT NULL, "password" varchar(40), "created_at" datetime, "updated_at" datetime, "created_by_id" integer, "updated_by_id" integer, "admin" boolean DEFAULT 'f' NOT NULL, "developer" boolean DEFAULT 'f' NOT NULL, "notes" text, "lock_version" integer DEFAULT 0) [0m
  [4;35;1mSQL (0.1ms)[0m   [0mPRAGMA index_list("users")[0m
  [4;36;1mSQL (0.1ms)[0m   [0;1mPRAGMA index_info('login')[0m
  [4;35;1mSQL (0.4ms)[0m   [0mCREATE UNIQUE INDEX "temp_login" ON "altered_users" ("login")[0m
  [4;36;1mSQL (0.3ms)[0m   [0;1mDROP TABLE "users"[0m
  [4;35;1mSQL (0.3ms)[0m   [0mCREATE TABLE "users" ("id" INTEGER PRIMARY KEY AUTOINCREMENT NOT NULL, "name" varchar(100), "email" varchar(255), "login" varchar(40) DEFAULT '' NOT NULL, "password" varchar(40), "created_at" datetime, "updated_at" datetime, "created_by_id" integer, "updated_by_id" integer, "admin" boolean DEFAULT 'f' NOT NULL, "developer" boolean DEFAULT 'f' NOT NULL, "notes" text, "lock_version" integer DEFAULT 0) [0m
  [4;36;1mSQL (0.3ms)[0m   [0;1mPRAGMA index_list("altered_users")[0m
  [4;35;1mSQL (7.4ms)[0m   [0mPRAGMA index_info('temp_login')[0m
  [4;36;1mSQL (1.7ms)[0m   [0;1mCREATE UNIQUE INDEX "login" ON "users" ("login")[0m
  [4;35;1mSQL (0.5ms)[0m   [0mDROP TABLE "altered_users"[0m
  [4;36;1mSQL (0.1ms)[0m   [0;1mINSERT INTO schema_migrations (version) VALUES ('17')[0m
Migrating to AddDescriptionAndKeywordsToPages (18)
  [4;35;1mSQL (0.7ms)[0m   [0mALTER TABLE "pages" ADD "description" varchar(255)[0m
  [4;36;1mSQL (0.7ms)[0m   [0;1mALTER TABLE "pages" ADD "keywords" varchar(255)[0m
  [4;35;1mSQL (0.6ms)[0m   [0mINSERT INTO schema_migrations (version) VALUES ('18')[0m
Migrating to AddSaltToUsers (19)
  [4;36;1mSQL (1.1ms)[0m   [0;1mALTER TABLE "users" ADD "salt" varchar(255)[0m
  [4;35;1mUser Update (0.1ms)[0m   [0mUPDATE "users" SET "salt" = 'sweet harmonious biscuits' [0m
  [4;36;1mSQL (0.2ms)[0m   [0;1mINSERT INTO schema_migrations (version) VALUES ('19')[0m
Migrating to AddSessionInfoToUsers (20)
  [4;35;1mSQL (1.7ms)[0m   [0mALTER TABLE "users" ADD "session_token" varchar(255)[0m
  [4;36;1mSQL (0.3ms)[0m   [0;1mALTER TABLE "users" ADD "session_expire" datetime[0m
  [4;35;1mSQL (0.1ms)[0m   [0mINSERT INTO schema_migrations (version) VALUES ('20')[0m
Migrating to RemoveSessionExpireFromUsers (21)
  [4;36;1mSQL (0.4ms)[0m   [0;1mCREATE TEMPORARY TABLE "altered_users" ("id" INTEGER PRIMARY KEY AUTOINCREMENT NOT NULL, "name" varchar(100), "email" varchar(255), "login" varchar(40) DEFAULT '' NOT NULL, "password" varchar(40), "created_at" datetime, "updated_at" datetime, "created_by_id" integer, "updated_by_id" integer, "admin" boolean DEFAULT 'f' NOT NULL, "developer" boolean DEFAULT 'f' NOT NULL, "notes" text, "lock_version" integer DEFAULT 0, "salt" varchar(255), "session_token" varchar(255), "session_expire" datetime) [0m
  [4;35;1mSQL (0.1ms)[0m   [0mPRAGMA index_list("users")[0m
  [4;36;1mSQL (1.1ms)[0m   [0;1mPRAGMA index_info('login')[0m
  [4;35;1mSQL (11.4ms)[0m   [0mCREATE UNIQUE INDEX "temp_login" ON "altered_users" ("login")[0m
  [4;36;1mSQL (0.7ms)[0m   [0;1mDROP TABLE "users"[0m
  [4;35;1mSQL (0.5ms)[0m   [0mCREATE TABLE "users" ("id" INTEGER PRIMARY KEY AUTOINCREMENT NOT NULL, "name" varchar(100), "email" varchar(255), "login" varchar(40) DEFAULT '' NOT NULL, "password" varchar(40), "created_at" datetime, "updated_at" datetime, "created_by_id" integer, "updated_by_id" integer, "admin" boolean DEFAULT 'f' NOT NULL, "developer" boolean DEFAULT 'f' NOT NULL, "notes" text, "lock_version" integer DEFAULT 0, "salt" varchar(255), "session_token" varchar(255)) [0m
  [4;36;1mSQL (0.2ms)[0m   [0;1mPRAGMA index_list("altered_users")[0m
  [4;35;1mSQL (0.1ms)[0m   [0mPRAGMA index_info('temp_login')[0m
  [4;36;1mSQL (0.3ms)[0m   [0;1mCREATE UNIQUE INDEX "login" ON "users" ("login")[0m
  [4;35;1mSQL (3.0ms)[0m   [0mDROP TABLE "altered_users"[0m
  [4;36;1mSQL (0.2ms)[0m   [0;1mINSERT INTO schema_migrations (version) VALUES ('21')[0m
Migrating to AddIndexes (20081203140407)
  [4;35;1mSQL (1.4ms)[0m   [0mCREATE INDEX "pages_class_name" ON "pages" ("class_name")[0m
  [4;36;1mSQL (0.2ms)[0m   [0;1mCREATE INDEX "pages_parent_id" ON "pages" ("parent_id")[0m
  [4;35;1mSQL (5.7ms)[0m   [0mCREATE INDEX "pages_child_slug" ON "pages" ("slug", "parent_id")[0m
  [4;36;1mSQL (1.2ms)[0m   [0;1mCREATE INDEX "pages_published" ON "pages" ("virtual", "status_id")[0m
  [4;35;1mSQL (0.2ms)[0m   [0mCREATE INDEX "parts_by_page" ON "page_parts" ("page_id", "name")[0m
  [4;36;1mSQL (2.7ms)[0m   [0;1mINSERT INTO schema_migrations (version) VALUES ('20081203140407')[0m
  [4;35;1mSQL (1.7ms)[0m   [0m SELECT name
 FROM sqlite_master
 WHERE type = 'table' AND NOT name = 'sqlite_sequence'
[0m
  [4;36;1mSQL (0.5ms)[0m   [0;1m SELECT name
 FROM sqlite_master
 WHERE type = 'table' AND NOT name = 'sqlite_sequence'
[0m
  [4;35;1mSQL (0.9ms)[0m   [0mSELECT version FROM schema_migrations[0m
  [4;36;1mSQL (0.4ms)[0m   [0;1m SELECT name
 FROM sqlite_master
 WHERE type = 'table' AND NOT name = 'sqlite_sequence'
[0m
  [4;35;1mSQL (0.4ms)[0m   [0mPRAGMA index_list("config")[0m
  [4;36;1mSQL (0.1ms)[0m   [0;1mPRAGMA index_info('key')[0m
  [4;35;1mSQL (0.1ms)[0m   [0mPRAGMA index_list("extension_meta")[0m
  [4;36;1mSQL (0.1ms)[0m   [0;1mPRAGMA index_list("layouts")[0m
  [4;35;1mSQL (0.1ms)[0m   [0mPRAGMA index_list("page_parts")[0m
  [4;36;1mSQL (0.2ms)[0m   [0;1mPRAGMA index_info('parts_by_page')[0m
  [4;35;1mSQL (0.3ms)[0m   [0mPRAGMA index_list("pages")[0m
  [4;36;1mSQL (0.1ms)[0m   [0;1mPRAGMA index_info('pages_published')[0m
  [4;35;1mSQL (0.1ms)[0m   [0mPRAGMA index_info('pages_child_slug')[0m
  [4;36;1mSQL (0.1ms)[0m   [0;1mPRAGMA index_info('pages_parent_id')[0m
  [4;35;1mSQL (0.1ms)[0m   [0mPRAGMA index_info('pages_class_name')[0m
  [4;36;1mSQL (0.2ms)[0m   [0;1mPRAGMA index_list("sessions")[0m
  [4;35;1mSQL (0.2ms)[0m   [0mPRAGMA index_info('index_sessions_on_updated_at')[0m
  [4;36;1mSQL (0.1ms)[0m   [0;1mPRAGMA index_info('index_sessions_on_session_id')[0m
  [4;35;1mSQL (0.2ms)[0m   [0mPRAGMA index_list("snippets")[0m
  [4;36;1mSQL (0.2ms)[0m   [0;1mPRAGMA index_info('name')[0m
  [4;35;1mSQL (0.2ms)[0m   [0mPRAGMA index_list("users")[0m
  [4;36;1mSQL (0.1ms)[0m   [0;1mPRAGMA index_info('login')[0m
  [4;35;1mSQL (1.9ms)[0m   [0m SELECT name
 FROM sqlite_master
 WHERE type = 'table' AND NOT name = 'sqlite_sequence'
[0m
  [4;36;1mSQL (0.7ms)[0m   [0;1mSELECT version FROM schema_migrations[0m
  [4;35;1mSQL (0.4ms)[0m   [0m SELECT name
 FROM sqlite_master
 WHERE type = 'table' AND NOT name = 'sqlite_sequence'
[0m
  [4;36;1mSQL (0.1ms)[0m   [0;1mPRAGMA index_list("config")[0m
  [4;35;1mSQL (0.1ms)[0m   [0mPRAGMA index_info('key')[0m
  [4;36;1mSQL (0.1ms)[0m   [0;1mPRAGMA index_list("extension_meta")[0m
  [4;35;1mSQL (0.1ms)[0m   [0mPRAGMA index_list("layouts")[0m
  [4;36;1mSQL (0.2ms)[0m   [0;1mPRAGMA index_list("page_parts")[0m
  [4;35;1mSQL (0.1ms)[0m   [0mPRAGMA index_info('parts_by_page')[0m
  [4;36;1mSQL (0.3ms)[0m   [0;1mPRAGMA index_list("pages")[0m
  [4;35;1mSQL (0.2ms)[0m   [0mPRAGMA index_info('pages_published')[0m
  [4;36;1mSQL (0.1ms)[0m   [0;1mPRAGMA index_info('pages_child_slug')[0m
  [4;35;1mSQL (0.1ms)[0m   [0mPRAGMA index_info('pages_parent_id')[0m
  [4;36;1mSQL (0.1ms)[0m   [0;1mPRAGMA index_info('pages_class_name')[0m
  [4;35;1mSQL (0.8ms)[0m   [0mPRAGMA index_list("sessions")[0m
  [4;36;1mSQL (0.1ms)[0m   [0;1mPRAGMA index_info('index_sessions_on_updated_at')[0m
  [4;35;1mSQL (0.1ms)[0m   [0mPRAGMA index_info('index_sessions_on_session_id')[0m
  [4;36;1mSQL (0.2ms)[0m   [0;1mPRAGMA index_list("snippets")[0m
  [4;35;1mSQL (0.1ms)[0m   [0mPRAGMA index_info('name')[0m
  [4;36;1mSQL (0.2ms)[0m   [0;1mPRAGMA index_list("users")[0m
  [4;35;1mSQL (0.1ms)[0m   [0mPRAGMA index_info('login')[0m
  [4;36;1mSQL (0.8ms)[0m   [0;1m SELECT name
 FROM sqlite_master
 WHERE type = 'table' AND NOT name = 'sqlite_sequence'
[0m
  [4;35;1mSQL (1.5ms)[0m   [0mSELECT version FROM schema_migrations[0m
Migrating to CreateRadiantTables (1)
Migrating to InsertInitialData (2)
Migrating to RenameBehaviorColumn (3)
Migrating to RenameFilterColumn (4)
Migrating to AddVirtualColumnToPage (5)
Migrating to IntegerColumnsToBoolean (6)
Migrating to RemoveVirtualColumnFromPage (7)
Migrating to AddVirtualColumnToPageAgain (8)
Migrating to AddContentTypeFieldToLayout (9)
Migrating to MergeBehaviorsAndPages (10)
Migrating to RenameTypeColumnOnPageToClassName (11)
Migrating to CreateExtensionMeta (12)
Migrating to AddNotesFieldToUser (13)
Migrating to RenameConfigDefaultPartsKey (14)
Migrating to AddOptimisticLocking (15)
Migrating to AddSessions (16)
Migrating to RenameCreatedByUpdatedByColumns (17)
Migrating to AddDescriptionAndKeywordsToPages (18)
Migrating to AddSaltToUsers (19)
Migrating to AddSessionInfoToUsers (20)
Migrating to RemoveSessionExpireFromUsers (21)
Migrating to AddIndexes (20081203140407)
  [4;36;1mSQL (0.8ms)[0m   [0;1m SELECT name
 FROM sqlite_master
 WHERE type = 'table' AND NOT name = 'sqlite_sequence'
[0m
  [4;35;1mSQL (1.4ms)[0m   [0mSELECT version FROM schema_migrations[0m
  [4;36;1mSQL (3.1ms)[0m   [0;1m SELECT name
 FROM sqlite_master
 WHERE type = 'table' AND NOT name = 'sqlite_sequence'
[0m
  [4;35;1mSQL (0.2ms)[0m   [0mPRAGMA index_list("config")[0m
  [4;36;1mSQL (0.2ms)[0m   [0;1mPRAGMA index_info('key')[0m
  [4;35;1mSQL (0.1ms)[0m   [0mPRAGMA index_list("extension_meta")[0m
  [4;36;1mSQL (0.1ms)[0m   [0;1mPRAGMA index_list("layouts")[0m
  [4;35;1mSQL (0.2ms)[0m   [0mPRAGMA index_list("page_parts")[0m
  [4;36;1mSQL (0.2ms)[0m   [0;1mPRAGMA index_info('parts_by_page')[0m
  [4;35;1mSQL (0.3ms)[0m   [0mPRAGMA index_list("pages")[0m
  [4;36;1mSQL (0.2ms)[0m   [0;1mPRAGMA index_info('pages_published')[0m
  [4;35;1mSQL (0.2ms)[0m   [0mPRAGMA index_info('pages_child_slug')[0m
  [4;36;1mSQL (0.1ms)[0m   [0;1mPRAGMA index_info('pages_parent_id')[0m
  [4;35;1mSQL (0.7ms)[0m   [0mPRAGMA index_info('pages_class_name')[0m
  [4;36;1mSQL (0.2ms)[0m   [0;1mPRAGMA index_list("sessions")[0m
  [4;35;1mSQL (0.1ms)[0m   [0mPRAGMA index_info('index_sessions_on_updated_at')[0m
  [4;36;1mSQL (0.1ms)[0m   [0;1mPRAGMA index_info('index_sessions_on_session_id')[0m
  [4;35;1mSQL (0.2ms)[0m   [0mPRAGMA index_list("snippets")[0m
  [4;36;1mSQL (0.1ms)[0m   [0;1mPRAGMA index_info('name')[0m
  [4;35;1mSQL (0.2ms)[0m   [0mPRAGMA index_list("users")[0m
  [4;36;1mSQL (0.1ms)[0m   [0;1mPRAGMA index_info('login')[0m
  [4;35;1mSQL (0.5ms)[0m   [0m SELECT name
 FROM sqlite_master
 WHERE type = 'table' AND NOT name = 'sqlite_sequence'
[0m
  [4;36;1mSQL (0.7ms)[0m   [0;1mSELECT version FROM schema_migrations[0m
  [4;35;1mSQL (0.4ms)[0m   [0m SELECT name
 FROM sqlite_master
 WHERE type = 'table' AND NOT name = 'sqlite_sequence'
[0m
  [4;36;1mSQL (0.2ms)[0m   [0;1mPRAGMA index_list("config")[0m
  [4;35;1mSQL (0.1ms)[0m   [0mPRAGMA index_info('key')[0m
  [4;36;1mSQL (0.1ms)[0m   [0;1mPRAGMA index_list("extension_meta")[0m
  [4;35;1mSQL (0.1ms)[0m   [0mPRAGMA index_list("layouts")[0m
  [4;36;1mSQL (0.1ms)[0m   [0;1mPRAGMA index_list("page_parts")[0m
  [4;35;1mSQL (0.1ms)[0m   [0mPRAGMA index_info('parts_by_page')[0m
  [4;36;1mSQL (0.3ms)[0m   [0;1mPRAGMA index_list("pages")[0m
  [4;35;1mSQL (0.1ms)[0m   [0mPRAGMA index_info('pages_published')[0m
  [4;36;1mSQL (0.1ms)[0m   [0;1mPRAGMA index_info('pages_child_slug')[0m
  [4;35;1mSQL (0.1ms)[0m   [0mPRAGMA index_info('pages_parent_id')[0m
  [4;36;1mSQL (0.6ms)[0m   [0;1mPRAGMA index_info('pages_class_name')[0m
  [4;35;1mSQL (0.2ms)[0m   [0mPRAGMA index_list("sessions")[0m
  [4;36;1mSQL (0.1ms)[0m   [0;1mPRAGMA index_info('index_sessions_on_updated_at')[0m
  [4;35;1mSQL (0.1ms)[0m   [0mPRAGMA index_info('index_sessions_on_session_id')[0m
  [4;36;1mSQL (0.2ms)[0m   [0;1mPRAGMA index_list("snippets")[0m
  [4;35;1mSQL (0.1ms)[0m   [0mPRAGMA index_info('name')[0m
  [4;36;1mSQL (0.2ms)[0m   [0;1mPRAGMA index_list("users")[0m
  [4;35;1mSQL (0.1ms)[0m   [0mPRAGMA index_info('login')[0m
  [4;36;1mSQL (2.6ms)[0m   [0;1m SELECT name
 FROM sqlite_master
 WHERE type = 'table' AND NOT name = 'sqlite_sequence'
[0m
  [4;35;1mSQL (10.9ms)[0m   [0mSELECT version FROM schema_migrations[0m
  [4;36;1mSQL (0.4ms)[0m   [0;1m SELECT name
 FROM sqlite_master
 WHERE type = 'table' AND NOT name = 'sqlite_sequence'
[0m
  [4;35;1mSQL (0.1ms)[0m   [0mPRAGMA index_list("config")[0m
  [4;36;1mSQL (0.1ms)[0m   [0;1mPRAGMA index_info('key')[0m
  [4;35;1mSQL (0.1ms)[0m   [0mPRAGMA index_list("extension_meta")[0m
  [4;36;1mSQL (0.1ms)[0m   [0;1mPRAGMA index_list("layouts")[0m
  [4;35;1mSQL (0.1ms)[0m   [0mPRAGMA index_list("page_parts")[0m
  [4;36;1mSQL (0.2ms)[0m   [0;1mPRAGMA index_info('parts_by_page')[0m
  [4;35;1mSQL (0.3ms)[0m   [0mPRAGMA index_list("pages")[0m
  [4;36;1mSQL (0.2ms)[0m   [0;1mPRAGMA index_info('pages_published')[0m
  [4;35;1mSQL (0.2ms)[0m   [0mPRAGMA index_info('pages_child_slug')[0m
  [4;36;1mSQL (0.1ms)[0m   [0;1mPRAGMA index_info('pages_parent_id')[0m
  [4;35;1mSQL (0.1ms)[0m   [0mPRAGMA index_info('pages_class_name')[0m
  [4;36;1mSQL (0.2ms)[0m   [0;1mPRAGMA index_list("sessions")[0m
  [4;35;1mSQL (0.1ms)[0m   [0mPRAGMA index_info('index_sessions_on_updated_at')[0m
  [4;36;1mSQL (0.1ms)[0m   [0;1mPRAGMA index_info('index_sessions_on_session_id')[0m
  [4;35;1mSQL (0.2ms)[0m   [0mPRAGMA index_list("snippets")[0m
  [4;36;1mSQL (0.1ms)[0m   [0;1mPRAGMA index_info('name')[0m
  [4;35;1mSQL (0.2ms)[0m   [0mPRAGMA index_list("users")[0m
  [4;36;1mSQL (0.1ms)[0m   [0;1mPRAGMA index_info('login')[0m
  [4;35;1mSQL (1.5ms)[0m   [0m SELECT name
 FROM sqlite_master
 WHERE type = 'table' AND NOT name = 'sqlite_sequence'
[0m
  [4;36;1mSQL (0.9ms)[0m   [0;1mSELECT version FROM schema_migrations[0m
  [4;35;1mSQL (0.5ms)[0m   [0m SELECT name
 FROM sqlite_master
 WHERE type = 'table' AND NOT name = 'sqlite_sequence'
[0m
  [4;36;1mSQL (0.5ms)[0m   [0;1mPRAGMA index_list("config")[0m
  [4;35;1mSQL (0.1ms)[0m   [0mPRAGMA index_info('key')[0m
  [4;36;1mSQL (0.1ms)[0m   [0;1mPRAGMA index_list("extension_meta")[0m
  [4;35;1mSQL (0.1ms)[0m   [0mPRAGMA index_list("layouts")[0m
  [4;36;1mSQL (0.1ms)[0m   [0;1mPRAGMA index_list("page_parts")[0m
  [4;35;1mSQL (0.1ms)[0m   [0mPRAGMA index_info('parts_by_page')[0m
  [4;36;1mSQL (0.4ms)[0m   [0;1mPRAGMA index_list("pages")[0m
  [4;35;1mSQL (0.2ms)[0m   [0mPRAGMA index_info('pages_published')[0m
  [4;36;1mSQL (0.2ms)[0m   [0;1mPRAGMA index_info('pages_child_slug')[0m
  [4;35;1mSQL (0.1ms)[0m   [0mPRAGMA index_info('pages_parent_id')[0m
  [4;36;1mSQL (0.1ms)[0m   [0;1mPRAGMA index_info('pages_class_name')[0m
  [4;35;1mSQL (0.2ms)[0m   [0mPRAGMA index_list("sessions")[0m
  [4;36;1mSQL (0.1ms)[0m   [0;1mPRAGMA index_info('index_sessions_on_updated_at')[0m
  [4;35;1mSQL (0.1ms)[0m   [0mPRAGMA index_info('index_sessions_on_session_id')[0m
  [4;36;1mSQL (0.1ms)[0m   [0;1mPRAGMA index_list("snippets")[0m
  [4;35;1mSQL (0.1ms)[0m   [0mPRAGMA index_info('name')[0m
  [4;36;1mSQL (0.2ms)[0m   [0;1mPRAGMA index_list("users")[0m
  [4;35;1mSQL (0.1ms)[0m   [0mPRAGMA index_info('login')[0m
  [4;36;1mUser Load (0.4ms)[0m   [0;1mSELECT * FROM "users" WHERE ("users"."login" = 'dcmb_webmaster') ORDER BY name LIMIT 1[0m
  [4;35;1mUser Load (0.2ms)[0m   [0mSELECT "users".id FROM "users" WHERE ("users"."login" = 'dcmb_webmaster') LIMIT 1[0m
  [4;36;1mUser Create (0.4ms)[0m   [0;1mINSERT INTO "users" ("name", "updated_by_id", "salt", "session_token", "created_at", "developer", "updated_at", "created_by_id", "notes", "admin", "lock_version", "login", "password", "email") VALUES('DCMB Webmaster', NULL, 'b4ea2fbbd67ac240d6898e02213b89af4e81e46a', NULL, '2009-10-10 04:09:52', 'f', '2009-10-10 04:09:52', NULL, NULL, 't', 0, 'dcmb_webmaster', '17f00bc6dace1fd10e4bb5acab938c041cb11b9f', NULL)[0m
  [4;35;1mSQL (0.5ms)[0m   [0m SELECT name
 FROM sqlite_master
 WHERE type = 'table' AND NOT name = 'sqlite_sequence'
[0m
  [4;36;1mRadiant::Config Load (0.1ms)[0m   [0;1mSELECT * FROM "config" WHERE ("config"."key" = 'admin.title') LIMIT 1[0m
  [4;35;1mRadiant::Config Create (0.3ms)[0m   [0mINSERT INTO "config" ("value", "key") VALUES('Radiant CMS', 'admin.title')[0m
Cache write: Radiant.cache_file
  [4;36;1mRadiant::Config Load (0.2ms)[0m   [0;1mSELECT * FROM "config" [0m
Cache write: Radiant::Config
Cache read: Radiant.cache_file
Cache write: Radiant.cache_mtime
  [4;35;1mSQL (0.5ms)[0m   [0m SELECT name
 FROM sqlite_master
 WHERE type = 'table' AND NOT name = 'sqlite_sequence'
[0m
  [4;36;1mRadiant::Config Load (0.1ms)[0m   [0;1mSELECT * FROM "config" WHERE ("config"."key" = 'admin.subtitle') LIMIT 1[0m
  [4;35;1mRadiant::Config Create (0.6ms)[0m   [0mINSERT INTO "config" ("value", "key") VALUES('Publishing for Small Teams', 'admin.subtitle')[0m
Cache write: Radiant.cache_file
  [4;36;1mRadiant::Config Load (0.2ms)[0m   [0;1mSELECT * FROM "config" [0m
Cache write: Radiant::Config
Cache read: Radiant.cache_file
Cache write: Radiant.cache_mtime
  [4;35;1mSQL (0.5ms)[0m   [0m SELECT name
 FROM sqlite_master
 WHERE type = 'table' AND NOT name = 'sqlite_sequence'
[0m
  [4;36;1mRadiant::Config Load (0.1ms)[0m   [0;1mSELECT * FROM "config" WHERE ("config"."key" = 'defaults.page.parts') LIMIT 1[0m
  [4;35;1mRadiant::Config Create (0.3ms)[0m   [0mINSERT INTO "config" ("value", "key") VALUES('body, extended', 'defaults.page.parts')[0m
Cache write: Radiant.cache_file
  [4;36;1mRadiant::Config Load (0.4ms)[0m   [0;1mSELECT * FROM "config" [0m
Cache write: Radiant::Config
Cache read: Radiant.cache_file
Cache write: Radiant.cache_mtime
  [4;35;1mSQL (0.5ms)[0m   [0m SELECT name
 FROM sqlite_master
 WHERE type = 'table' AND NOT name = 'sqlite_sequence'
[0m
  [4;36;1mRadiant::Config Load (0.1ms)[0m   [0;1mSELECT * FROM "config" WHERE ("config"."key" = 'defaults.page.status') LIMIT 1[0m
  [4;35;1mRadiant::Config Create (0.3ms)[0m   [0mINSERT INTO "config" ("value", "key") VALUES('draft', 'defaults.page.status')[0m
Cache write: Radiant.cache_file
  [4;36;1mRadiant::Config Load (0.3ms)[0m   [0;1mSELECT * FROM "config" [0m
Cache write: Radiant::Config
Cache read: Radiant.cache_file
Cache write: Radiant.cache_mtime
  [4;35;1mSQL (0.7ms)[0m   [0m SELECT name
 FROM sqlite_master
 WHERE type = 'table' AND NOT name = 'sqlite_sequence'
[0m
  [4;36;1mRadiant::Config Load (0.2ms)[0m   [0;1mSELECT * FROM "config" WHERE ("config"."key" = 'defaults.page.filter') LIMIT 1[0m
  [4;35;1mRadiant::Config Create (0.3ms)[0m   [0mINSERT INTO "config" ("value", "key") VALUES('', 'defaults.page.filter')[0m
Cache write: Radiant.cache_file
  [4;36;1mRadiant::Config Load (0.5ms)[0m   [0;1mSELECT * FROM "config" [0m
Cache write: Radiant::Config
Cache read: Radiant.cache_file
Cache write: Radiant.cache_mtime
  [4;35;1mSQL (0.5ms)[0m   [0m SELECT name
 FROM sqlite_master
 WHERE type = 'table' AND NOT name = 'sqlite_sequence'
[0m
  [4;36;1mRadiant::Config Load (0.1ms)[0m   [0;1mSELECT * FROM "config" WHERE ("config"."key" = 'session_timeout') LIMIT 1[0m
  [4;35;1mRadiant::Config Create (0.3ms)[0m   [0mINSERT INTO "config" ("value", "key") VALUES('1209600', 'session_timeout')[0m
Cache write: Radiant.cache_file
  [4;36;1mRadiant::Config Load (0.4ms)[0m   [0;1mSELECT * FROM "config" [0m
Cache write: Radiant::Config
Cache read: Radiant.cache_file
Cache write: Radiant.cache_mtime
